# JRE version: OpenJDK Runtime Environment (11.0.2+9) (build 11.0.2+9)
# Java VM: OpenJDK 64-Bit Server VM (11.0.2+9, mixed mode, tiered, compressed oops, g1 gc, windows-amd64)
Heap:
 garbage-first heap   total 460800K, used 193101K [0x0000000740000000, 0x0000000800000000)
  region size 1024K, 56 young (57344K), 1 survivors (1024K)
 Metaspace       used 108852K, capacity 110788K, committed 111920K, reserved 1144832K
  class space    used 14760K, capacity 15615K, committed 16000K, reserved 1048576K
GC Heap History (10 events):
Event: 6441.593 GC heap before
{Heap before GC invocations=721 (full 60):
 garbage-first heap   total 460800K, used 198018K [0x0000000740000000, 0x0000000800000000)
  region size 1024K, 60 young (61440K), 1 survivors (1024K)
 Metaspace       used 108852K, capacity 110788K, committed 111920K, reserved 1144832K
  class space    used 14760K, capacity 15615K, committed 16000K, reserved 1048576K
}
Event: 6441.595 GC heap after
{Heap after GC invocations=722 (full 60):
 garbage-first heap   total 460800K, used 137785K [0x0000000740000000, 0x0000000800000000)
  region size 1024K, 1 young (1024K), 1 survivors (1024K)
 Metaspace       used 108852K, capacity 110788K, committed 111920K, reserved 1144832K
  class space    used 14760K, capacity 15615K, committed 16000K, reserved 1048576K
}
Event: 6441.748 GC heap before
{Heap before GC invocations=722 (full 60):
 garbage-first heap   total 460800K, used 198201K [0x0000000740000000, 0x0000000800000000)
  region size 1024K, 60 young (61440K), 1 survivors (1024K)
 Metaspace       used 108852K, capacity 110788K, committed 111920K, reserved 1144832K
  class space    used 14760K, capacity 15615K, committed 16000K, reserved 1048576K
}
Event: 6441.749 GC heap after
{Heap after GC invocations=723 (full 60):
 garbage-first heap   total 460800K, used 137802K [0x0000000740000000, 0x0000000800000000)
  region size 1024K, 1 young (1024K), 1 survivors (1024K)
 Metaspace       used 108852K, capacity 110788K, committed 111920K, reserved 1144832K
  class space    used 14760K, capacity 15615K, committed 16000K, reserved 1048576K
}
Event: 6441.900 GC heap before
{Heap before GC invocations=723 (full 60):
 garbage-first heap   total 460800K, used 198218K [0x0000000740000000, 0x0000000800000000)
  region size 1024K, 60 young (61440K), 1 survivors (1024K)
 Metaspace       used 108852K, capacity 110788K, committed 111920K, reserved 1144832K
  class space    used 14760K, capacity 15615K, committed 16000K, reserved 1048576K
}
Event: 6441.901 GC heap after
{Heap after GC invocations=724 (full 60):
 garbage-first heap   total 460800K, used 137794K [0x0000000740000000, 0x0000000800000000)
  region size 1024K, 1 young (1024K), 1 survivors (1024K)
 Metaspace       used 108852K, capacity 110788K, committed 111920K, reserved 1144832K
  class space    used 14760K, capacity 15615K, committed 16000K, reserved 1048576K
}
Event: 6443.038 GC heap before
{Heap before GC invocations=724 (full 60):
 garbage-first heap   total 460800K, used 198210K [0x0000000740000000, 0x0000000800000000)
  region size 1024K, 60 young (61440K), 1 survivors (1024K)
 Metaspace       used 108852K, capacity 110788K, committed 111920K, reserved 1144832K
  class space    used 14760K, capacity 15615K, committed 16000K, reserved 1048576K
}
Event: 6443.039 GC heap after
{Heap after GC invocations=725 (full 60):
 garbage-first heap   total 460800K, used 137802K [0x0000000740000000, 0x0000000800000000)
  region size 1024K, 1 young (1024K), 1 survivors (1024K)
 Metaspace       used 108852K, capacity 110788K, committed 111920K, reserved 1144832K
  class space    used 14760K, capacity 15615K, committed 16000K, reserved 1048576K
}
Event: 6443.184 GC heap before
{Heap before GC invocations=725 (full 60):
 garbage-first heap   total 460800K, used 198218K [0x0000000740000000, 0x0000000800000000)
  region size 1024K, 60 young (61440K), 1 survivors (1024K)
 Metaspace       used 108852K, capacity 110788K, committed 111920K, reserved 1144832K
  class space    used 14760K, capacity 15615K, committed 16000K, reserved 1048576K
}
Event: 6443.185 GC heap after
{Heap after GC invocations=726 (full 60):
 garbage-first heap   total 460800K, used 137805K [0x0000000740000000, 0x0000000800000000)
  region size 1024K, 1 young (1024K), 1 survivors (1024K)
 Metaspace       used 108852K, capacity 110788K, committed 111920K, reserved 1144832K
  class space    used 14760K, capacity 15615K, committed 16000K, reserved 1048576K
}

